<?xml version="1.0" encoding="UTF-8"?>
<!-- Generated by org.testng.reporters.JUnitReportReporter -->
<testsuite hostname="LAPTOP-SPFPE8UJ" failures="0" tests="1" name="testcases.VerifyLogin" time="53.636" errors="0" timestamp="2021-09-18T16:47:35 IST" skipped="0">
  <testcase classname="testcases.VerifyLogin" name="login" time="53.636"/>
  <system-out/>
</testsuite> <!-- testcases.VerifyLogin -->
